INFO   : 2022/08/19 10:27:38 Client 11 start
ERROR  : 2022/08/19 10:27:38 netware.go:48: listen 192.168.0.1:1024 listen udp ?3139322e3136382e302e31:1024: address ?3139322e3136382e302e31: non-IPv6 address
INFO   : 2022/08/19 10:27:42 Client 11 stopped
INFO   : 2022/08/19 10:32:58 Client 11 start
INFO   : 2022/08/19 10:33:22 Client 11 stopped
INFO   : 2022/08/19 10:33:29 Client 11 start
INFO   : 2022/08/19 10:36:18 Client 11 stopped
INFO   : 2022/08/19 10:36:28 Client 11 start
DEBUG  : 2022/08/19 10:36:38 database.go:41: {11 2022-08-19 10:36:38.327267716 +0600 +06 m=+10.009671068 {4 26}}
DEBUG  : 2022/08/19 10:36:48 database.go:41: {11 2022-08-19 10:36:48.327497572 +0600 +06 m=+20.009900964 {23 30}}
DEBUG  : 2022/08/19 10:36:58 database.go:41: {11 2022-08-19 10:36:58.326992499 +0600 +06 m=+30.009395871 {33 36}}
DEBUG  : 2022/08/19 10:37:08 database.go:41: {11 2022-08-19 10:37:08.327135558 +0600 +06 m=+40.009538930 {6 46}}
DEBUG  : 2022/08/19 10:37:18 database.go:41: {11 2022-08-19 10:37:18.328211658 +0600 +06 m=+50.010615020 {2 63}}
DEBUG  : 2022/08/19 10:37:28 database.go:41: {11 2022-08-19 10:37:28.32828259 +0600 +06 m=+60.010685942 {8 26}}
DEBUG  : 2022/08/19 10:37:38 database.go:41: {11 2022-08-19 10:37:38.327366643 +0600 +06 m=+70.009770005 {10 37}}
DEBUG  : 2022/08/19 10:37:48 database.go:41: {11 2022-08-19 10:37:48.327429747 +0600 +06 m=+80.009833109 {13 37}}
DEBUG  : 2022/08/19 10:37:58 database.go:41: {11 2022-08-19 10:37:58.322459219 +0600 +06 m=+90.004862581 {31 98}}
DEBUG  : 2022/08/19 10:38:08 database.go:41: {11 2022-08-19 10:38:08.327137222 +0600 +06 m=+100.009540584 {16 76}}
DEBUG  : 2022/08/19 10:38:18 database.go:41: {11 2022-08-19 10:38:18.326964727 +0600 +06 m=+110.009368079 {15 94}}
DEBUG  : 2022/08/19 10:38:28 database.go:41: {11 2022-08-19 10:38:28.326970126 +0600 +06 m=+120.009373478 {24 76}}
DEBUG  : 2022/08/19 10:38:38 database.go:41: {11 2022-08-19 10:38:38.328004771 +0600 +06 m=+130.010408133 {7 41}}
DEBUG  : 2022/08/19 10:38:48 database.go:41: {11 2022-08-19 10:38:48.318439573 +0600 +06 m=+140.000842935 {36 94}}
DEBUG  : 2022/08/19 10:38:58 database.go:41: {11 2022-08-19 10:38:58.327628587 +0600 +06 m=+150.010031949 {14 36}}
DEBUG  : 2022/08/19 10:39:08 database.go:41: {11 2022-08-19 10:39:08.327862332 +0600 +06 m=+160.010265694 {2 29}}
DEBUG  : 2022/08/19 10:39:18 database.go:41: {11 2022-08-19 10:39:18.327957038 +0600 +06 m=+170.010360400 {0 70}}
DEBUG  : 2022/08/19 10:39:28 database.go:41: {11 2022-08-19 10:39:28.327013467 +0600 +06 m=+180.009416839 {2 15}}
DEBUG  : 2022/08/19 10:39:38 database.go:41: {11 2022-08-19 10:39:38.326949736 +0600 +06 m=+190.009353068 {19 4}}
DEBUG  : 2022/08/19 10:39:48 database.go:41: {11 2022-08-19 10:39:48.327002848 +0600 +06 m=+200.009406190 {8 89}}
DEBUG  : 2022/08/19 10:39:58 database.go:41: {11 2022-08-19 10:39:58.328100436 +0600 +06 m=+210.010503798 {5 95}}
DEBUG  : 2022/08/19 10:40:08 database.go:41: {11 2022-08-19 10:40:08.328197177 +0600 +06 m=+220.010600549 {35 76}}
DEBUG  : 2022/08/19 10:40:18 database.go:41: {11 2022-08-19 10:40:18.326953613 +0600 +06 m=+230.009356975 {34 15}}
INFO   : 2022/08/19 10:40:23 Client 11 stopped
INFO   : 2022/08/19 10:40:42 Client 11 start
DEBUG  : 2022/08/19 10:40:52 database.go:41: {11 2022-08-19 10:40:52.96055903 +0600 +06 m=+10.009956527 {18 56}}
DEBUG  : 2022/08/19 10:41:02 database.go:41: {11 2022-08-19 10:41:02.95753618 +0600 +06 m=+20.006933697 {30 72}}
DEBUG  : 2022/08/19 10:41:12 database.go:41: {11 2022-08-19 10:41:12.954636005 +0600 +06 m=+30.004033512 {34 38}}
DEBUG  : 2022/08/19 10:41:22 database.go:41: {11 2022-08-19 10:41:22.960784996 +0600 +06 m=+40.010182513 {23 56}}
DEBUG  : 2022/08/19 10:41:32 database.go:41: {11 2022-08-19 10:41:32.960997723 +0600 +06 m=+50.010395240 {29 57}}
DEBUG  : 2022/08/19 10:41:42 database.go:41: {11 2022-08-19 10:41:42.961141613 +0600 +06 m=+60.010539130 {20 19}}
DEBUG  : 2022/08/19 10:41:52 database.go:41: {11 2022-08-19 10:41:52.961216303 +0600 +06 m=+70.010613820 {33 68}}
DEBUG  : 2022/08/19 10:42:02 database.go:41: {11 2022-08-19 10:42:02.961482939 +0600 +06 m=+80.010880456 {16 34}}
DEBUG  : 2022/08/19 10:42:12 database.go:41: {11 2022-08-19 10:42:12.960540979 +0600 +06 m=+90.009938486 {25 58}}
DEBUG  : 2022/08/19 10:42:22 database.go:41: {11 2022-08-19 10:42:22.960648289 +0600 +06 m=+100.010045806 {17 36}}
DEBUG  : 2022/08/19 10:42:32 database.go:41: {11 2022-08-19 10:42:32.958969771 +0600 +06 m=+110.008367288 {3 42}}
DEBUG  : 2022/08/19 10:42:42 database.go:41: {11 2022-08-19 10:42:42.958996663 +0600 +06 m=+120.008394140 {11 90}}
DEBUG  : 2022/08/19 10:42:52 database.go:41: {11 2022-08-19 10:42:52.961029193 +0600 +06 m=+130.010426730 {14 9}}
DEBUG  : 2022/08/19 10:43:02 database.go:41: {11 2022-08-19 10:43:02.959003114 +0600 +06 m=+140.008400631 {15 64}}
DEBUG  : 2022/08/19 10:43:12 database.go:41: {11 2022-08-19 10:43:12.958979529 +0600 +06 m=+150.008377046 {13 49}}
DEBUG  : 2022/08/19 10:43:22 database.go:41: {11 2022-08-19 10:43:22.961358245 +0600 +06 m=+160.010755783 {9 39}}
DEBUG  : 2022/08/19 10:43:32 database.go:41: {11 2022-08-19 10:43:32.958996178 +0600 +06 m=+170.008393695 {9 37}}
DEBUG  : 2022/08/19 10:43:42 database.go:41: {11 2022-08-19 10:43:42.95239555 +0600 +06 m=+180.001793037 {32 55}}
DEBUG  : 2022/08/19 10:43:52 database.go:41: {11 2022-08-19 10:43:52.958959847 +0600 +06 m=+190.008357354 {6 19}}
DEBUG  : 2022/08/19 10:44:02 database.go:41: {11 2022-08-19 10:44:02.959058993 +0600 +06 m=+200.008456480 {33 26}}
DEBUG  : 2022/08/19 10:44:12 database.go:41: {11 2022-08-19 10:44:12.958965124 +0600 +06 m=+210.008362631 {9 74}}
DEBUG  : 2022/08/19 10:44:22 database.go:41: {11 2022-08-19 10:44:22.959027944 +0600 +06 m=+220.008425622 {37 7}}
DEBUG  : 2022/08/19 10:44:32 database.go:41: {11 2022-08-19 10:44:32.961140468 +0600 +06 m=+230.010537985 {16 9}}
DEBUG  : 2022/08/19 10:44:42 database.go:41: {11 2022-08-19 10:44:42.961271877 +0600 +06 m=+240.010669384 {11 10}}
INFO   : 2022/08/19 10:44:43 Client 11 stopped
INFO   : 2022/08/19 10:45:23 Client 11 start
DEBUG  : 2022/08/19 10:45:33 database.go:41: {11 2022-08-19 10:45:33.4341354 +0600 +06 m=+10.010091568 {14 93}}
ERROR  : 2022/08/19 10:45:33 netware.go:62: [123 34 117 105 100 34 58 49 49 44 34 116 105 109 101 34 58 34 50 48 50 50 45 48 56 45 49 57 84 49 48 58 52 53 58 51 51 46 52 51 52 49 51 53 52 43 48 54 58 48 48 34 44 34 100 97 116 97 34 58 123 34 116 34 58 49 52 44 34 100 34 58 57 51 125 125 0 0 0 0 0 0 0 0 0 0 0 0 0 0 0 0 0 0 0 0 0 0 0 0 0 0 0 0 0 0 0 0 0 0 0 0 0 0 0 0 0 0 0 0 0 0 0 0 0 0 0 0 0 0 0 0 0 0 0 0 0 0 0 0 0 0 0 0 0 0 0 0 0 0 0 0 0 0 0 0 0 0 0 0 0 0 0 0 0 0 0 0 0 0 0 0 0 0 0 0 0 0 0 0 0 0 0 0 0 0 0 0 0 0 0 0 0 0 0 0 0 0 0 0 0 0 0 0 0 0 0 0 0 0 0 0 0 0 0 0 0 0 0 0 0 0 0 0 0 0 0 0 0 0 0 0 0 0 0 0 0 0 0 0 0 0 0 0 0 0 0 0 0 0 0 0 0 0 0 0 0 0 0 0 0 0 0 0 0 0 0 0 0 0 0 0 0 0 0 0 0 0 0 0 0 0 0 0 0 0 0 0 0 0 0 0 0 0 0 0 0 0 0 0 0 0 0 0 0 0 0 0 0 0 0 0 0 0 0 0 0 0 0 0 0 0 0 0 0 0 0 0 0 0 0 0 0 0 0 0 0 0 0 0 0 0 0 0 0 0 0 0 0 0 0 0 0 0 0 0 0 0 0 0 0 0 0 0 0 0 0 0 0 0 0 0 0 0 0 0 0 0 0 0 0 0 0 0 0 0 0 0 0 0 0 0 0 0 0 0 0 0 0 0 0 0 0 0 0 0 0 0 0 0 0 0 0 0 0 0 0 0 0 0 0 0 0 0 0 0 0 0 0 0 0 0 0 0 0 0 0 0 0 0 0 0 0 0 0 0 0 0 0 0 0 0 0 0 0 0 0 0 0 0 0 0 0 0 0 0 0 0 0 0 0 0 0 0 0 0 0 0 0 0 0 0 0 0 0 0 0 0 0 0 0 0 0 0 0 0 0 0 0 0 0 0 0 0 0 0 0 0 0 0 0 0 0 0 0 0 0 0 0 0 0 0 0 0 0 0 0 0 0 0 0 0 0 0 0 0 0 0 0 0 0 0 0 0 0 0 0 0 0 0 0 0 0 0 0 0 0 0 0 0 0 0 0 0 0 0 0 0 0 0 0 0 0 0 0 0 0 0 0 0 0 0 0 0 0 0 0 0 0 0 0 0 0 0 0 0 0 0 0 0 0 0 0 0 0 0 0 0 0 0 0 0 0 0 0 0 0 0 0 0 0 0 0 0 0 0 0 0 0 0 0 0 0 0 0 0 0 0 0 0 0 0 0 0 0 0 0 0 0 0 0 0 0 0 0 0 0 0 0 0 0 0 0 0 0 0 0 0 0 0 0 0 0 0 0 0 0 0 0 0 0 0 0 0 0 0 0 0 0 0 0 0 0 0 0 0 0 0 0 0 0 0 0 0 0 0 0 0 0 0 0 0 0 0 0 0 0 0 0 0 0 0 0 0 0 0 0 0 0 0 0 0 0 0 0 0 0 0 0 0 0 0 0 0 0 0 0 0 0 0 0 0 0 0 0 0 0 0 0 0 0 0 0 0 0 0 0 0 0 0 0 0 0 0 0 0 0 0 0 0 0 0 0 0 0 0 0 0 0 0 0 0 0 0 0 0 0 0 0 0 0 0 0 0 0 0 0 0 0 0 0 0 0 0 0 0 0 0 0 0 0 0 0 0 0 0 0 0 0 0 0 0 0 0 0 0 0 0 0 0 0 0 0 0 0 0 0 0 0 0 0 0 0 0 0 0 0 0 0 0 0 0 0 0 0 0 0 0 0 0 0 0 0 0 0 0 0 0 0 0 0 0 0 0 0 0 0 0 0 0 0 0 0 0 0 0 0 0 0 0 0 0 0 0 0 0 0 0 0 0 0 0 0 0 0 0 0 0 0 0 0 0 0 0 0 0 0 0 0 0 0 0 0 0 0 0 0 0 0 0 0 0 0 0 0 0 0 0 0 0 0 0 0 0 0 0 0 0 0 0 0 0 0 0 0 0 0 0 0 0 0 0 0 0 0 0 0 0 0 0 0 0 0 0 0 0 0 0 0 0 0 0 0 0 0 0 0 0 0 0 0 0 0 0 0 0 0 0 0 0 0 0 0 0 0 0 0 0 0 0 0 0 0 0 0 0 0 0 0 0 0 0 0 0 0 0 0 0 0 0 0 0 0 0 0 0 0 0 0 0 0 0 0 0 0 0 0 0 0 0 0 0 0 0 0 0 0 0 0 0 0 0 0 0 0 0 0 0 0 0 0 0 0 0 0 0 0 0 0 0 0 0 0 0 0 0 0 0 0 0 0 0 0 0 0 0 0 0 0 0 0 0 0 0 0 0 0 0 0 0 0 0 0 0 0 0 0 0 0 0 0 0 0 0 0 0 0 0 0 0 0 0 0 0 0 0 0 0 0 0 0 0 0 0 0 0 0 0 0 0 0 0 0 0 0 0 0 0 0 0 0 0 0 0 0 0 0 0 0 0 0 0 0 0 0 0 0 0 0 0 0 0 0 0 0 0 0 0 0 0 0 0 0 0 0 0 0 0 0 0 0 0 0 0 0 0 0 0 0 0 0 0 0 0 0 0 0 0 0 0 0 0 0 0 0 0 0 0 0 0 0 0 0 0 0 0 0 0 0 0 0 0 0 0 0 0 0 0 0 0 0 0 0 0 0 0 0 0 0 0 0 0 0 0 0 0 0 0 0 0 0 0 0 0 0 0 0 0 0 0 0 0 0 0 0 0 0 0 0 0 0 0 0 0 0 0 0 0 0 0 0 0 0 0 0 0 0 0 0 0 0 0 0 0 0 0 0 0 0 0 0 0 0 0 0 0 0 0 0 0 0 0 0 0 0 0 0 0 0 0 0 0 0 0 0 0 0 0 0 0 0 0 0 0 0 0 0 0 0 0 0 0 0 0 0 0 0 0 0 0 0 0 0 0 0 0 0 0 0 0 0 0 0 0 0 0 0 0 0 0 0 0 0 0 0 0 0 0 0 0 0 0 0 0 0 0 0 0 0 0 0 0 0 0 0 0 0 0 0 0 0 0 0 0 0 0 0 0 0 0 0 0 0 0 0 0 0 0 0 0 0 0 0 0 0 0 0 0 0 0 0 0 0 0 0 0 0 0 0 0 0 0 0 0 0 0 0 0 0 0 0 0 0 0 0 0 0 0 0 0 0 0 0 0 0 0 0 0 0 0 0 0 0 0 0 0 0 0 0 0 0 0 0 0 0 0 0 0 0 0 0 0 0 0 0 0 0 0 0 0 0 0 0 0 0 0 0 0 0 0 0 0 0 0 0 0 0 0 0 0 0 0 0 0 0 0 0 0 0 0 0 0 0 0 0 0 0 0 0 0 0 0 0 0 0 0 0 0 0 0 0 0 0 0 0 0 0 0 0 0 0 0 0 0 0 0 0 0 0 0 0 0 0 0 0 0 0 0 0 0 0 0 0 0 0 0 0 0 0 0 0 0 0 0 0 0 0 0 0 0 0 0 0 0 0 0 0 0 0 0 0 0 0 0 0 0 0 0 0 0 0 0 0 0 0 0 0 0 0 0 0 0 0 0 0 0 0 0 0 0 0 0 0 0 0 0 0 0 0 0 0 0 0 0 0 0 0 0 0 0 0 0 0 0 0 0 0 0 0 0 0 0 0 0 0 0 0 0 0 0 0 0 0 0 0 0 0 0 0 0 0 0 0 0 0 0 0 0 0 0 0 0 0 0 0 0 0 0 0 0 0 0 0 0 0 0 0 0 0 0 0 0 0 0 0 0 0 0 0 0 0 0 0 0 0 0 0 0 0 0 0 0 0 0 0 0 0 0 0 0 0 0 0 0 0 0 0 0 0 0 0 0 0 0 0 0 0 0 0 0 0 0 0 0 0 0 0 0 0 0 0 0 0 0 0 0 0 0 0 0 0 0 0 0 0 0 0 0 0 0 0 0 0 0 0 0 0 0 0 0 0 0 0 0 0 0 0 0 0 0 0 0 0 0 0 0 0 0 0 0 0 0 0 0 0 0 0 0 0 0 0 0 0 0 0 0 0 0 0 0 0 0 0 0 0 0 0 0 0 0 0 0 0 0 0 0 0 0 0 0 0 0 0 0 0 0 0 0 0 0 0 0 0 0 0 0 0 0 0 0 0 0 0 0 0 0 0 0 0 0 0 0 0 0 0 0 0 0 0 0 0 0 0 0 0 0 0 0 0 0 0 0 0 0 0 0 0 0 0 0 0 0 0 0 0 0 0 0 0 0 0 0 0 0 0 0 0 0 0 0 0 0 0 0 0 0 0 0 0 0 0 0 0 0 0 0 0 0 0 0 0 0 0 0 0 0 0 0 0 0 0 0 0 0 0 0 0 0 0 0 0 0 0 0 0 0 0 0 0 0 0 0 0 0 0 0 0 0 0 0 0 0 0 0 0 0 0 0] invalid character '\x00' after top-level value
DEBUG  : 2022/08/19 10:45:43 database.go:41: {11 2022-08-19 10:45:43.434636966 +0600 +06 m=+20.010593173 {36 49}}
DEBUG  : 2022/08/19 10:45:53 database.go:41: {11 2022-08-19 10:45:53.430945655 +0600 +06 m=+30.006901803 {19 61}}
DEBUG  : 2022/08/19 10:46:03 database.go:41: {11 2022-08-19 10:46:03.434097217 +0600 +06 m=+40.010053394 {11 50}}
DEBUG  : 2022/08/19 10:46:13 database.go:41: {11 2022-08-19 10:46:13.430981561 +0600 +06 m=+50.006937728 {32 17}}
DEBUG  : 2022/08/19 10:46:23 database.go:41: {11 2022-08-19 10:46:23.434259109 +0600 +06 m=+60.010215286 {21 30}}
DEBUG  : 2022/08/19 10:46:33 database.go:41: {11 2022-08-19 10:46:33.43436726 +0600 +06 m=+70.010323427 {12 84}}
DEBUG  : 2022/08/19 10:46:43 database.go:41: {11 2022-08-19 10:46:43.434732795 +0600 +06 m=+80.010688972 {38 71}}
DEBUG  : 2022/08/19 10:46:53 database.go:41: {11 2022-08-19 10:46:53.432426656 +0600 +06 m=+90.008382833 {4 0}}
DEBUG  : 2022/08/19 10:47:03 database.go:41: {11 2022-08-19 10:47:03.434564277 +0600 +06 m=+100.010520454 {35 29}}
DEBUG  : 2022/08/19 10:47:13 database.go:41: {11 2022-08-19 10:47:13.432626961 +0600 +06 m=+110.008583138 {23 62}}
DEBUG  : 2022/08/19 10:47:23 database.go:41: {11 2022-08-19 10:47:23.430983332 +0600 +06 m=+120.006939509 {29 29}}
DEBUG  : 2022/08/19 10:47:33 database.go:41: {11 2022-08-19 10:47:33.42654625 +0600 +06 m=+130.002502427 {31 37}}
INFO   : 2022/08/19 10:47:39 Client 11 stopped
INFO   : 2022/08/19 10:47:49 Client 11 start
DEBUG  : 2022/08/19 10:47:59 database.go:41: {11 2022-08-19 10:47:59.234644037 +0600 +06 m=+10.010014955 {18 30}}
DEBUG  : 2022/08/19 10:47:59 database.go:41: {11 2022-08-19 10:47:59.234644037 +0600 +06 {18 30}}
DEBUG  : 2022/08/19 10:48:09 database.go:41: {11 2022-08-19 10:48:09.232436919 +0600 +06 m=+20.007807837 {4 73}}
ERROR  : 2022/08/19 10:48:09 netware.go:69: [123 34 117 105 100 34 58 49 49 44 34 116 105 109 101 34 58 34 50 48 50 50 45 48 56 45 49 57 84 49 48 58 52 56 58 48 57 46 50 51 50 52 51 54 57 49 57 43 48 54 58 48 48 34 44 34 100 97 116 97 34 58 123 34 116 34 58 52 44 34 100 34 58 55 51 125 125 125 0 0 0 0 0 0 0 0 0 0 0 0 0 0 0 0 0 0 0 0 0 0 0 0 0 0 0 0 0 0 0 0 0 0 0 0 0 0 0 0 0 0 0 0 0 0 0 0 0 0 0 0 0 0 0 0 0 0 0 0 0 0 0 0 0 0 0 0 0 0 0 0 0 0 0 0 0 0 0 0 0 0 0 0 0 0 0 0 0 0 0 0 0 0 0 0 0 0 0 0 0 0 0 0 0 0 0 0 0 0 0 0 0 0 0 0 0 0 0 0 0 0 0 0 0 0 0 0 0 0 0 0 0 0 0 0 0 0 0 0 0 0 0 0 0 0 0 0 0 0 0 0 0 0 0 0 0 0 0 0 0 0 0 0 0 0 0 0 0 0 0 0 0 0 0 0 0 0 0 0 0 0 0 0 0 0 0 0 0 0 0 0 0 0 0 0 0 0 0 0 0 0 0 0 0 0 0 0 0 0 0 0 0 0 0 0 0 0 0 0 0 0 0 0 0 0 0 0 0 0 0 0 0 0 0 0 0 0 0 0 0 0 0 0 0 0 0 0 0 0 0 0 0 0 0 0 0 0 0 0 0 0 0 0 0 0 0 0 0 0 0 0 0 0 0 0 0 0 0 0 0 0 0 0 0 0 0 0 0 0 0 0 0 0 0 0 0 0 0 0 0 0 0 0 0 0 0 0 0 0 0 0 0 0 0 0 0 0 0 0 0 0 0 0 0 0 0 0 0 0 0 0 0 0 0 0 0 0 0 0 0 0 0 0 0 0 0 0 0 0 0 0 0 0 0 0 0 0 0 0 0 0 0 0 0 0 0 0 0 0 0 0 0 0 0 0 0 0 0 0 0 0 0 0 0 0 0 0 0 0 0 0 0 0 0 0 0 0 0 0 0 0 0 0 0 0 0 0 0 0 0 0 0 0 0 0 0 0 0 0 0 0 0 0 0 0 0 0 0 0 0 0 0 0 0 0 0 0 0 0 0 0 0 0 0 0 0 0 0 0 0 0 0 0 0 0 0 0 0 0 0 0 0 0 0 0 0 0 0 0 0 0 0 0 0 0 0 0 0 0 0 0 0 0 0 0 0 0 0 0 0 0 0 0 0 0 0 0 0 0 0 0 0 0 0 0 0 0 0 0 0 0 0 0 0 0 0 0 0 0 0 0 0 0 0 0 0 0 0 0 0 0 0 0 0 0 0 0 0 0 0 0 0 0 0 0 0 0 0 0 0 0 0 0 0 0 0 0 0 0 0 0 0 0 0 0 0 0 0 0 0 0 0 0 0 0 0 0 0 0 0 0 0 0 0 0 0 0 0 0 0 0 0 0 0 0 0 0 0 0 0 0 0 0 0 0 0 0 0 0 0 0 0 0 0 0 0 0 0 0 0 0 0 0 0 0 0 0 0 0 0 0 0 0 0 0 0 0 0 0 0 0 0 0 0 0 0 0 0 0 0 0 0 0 0 0 0 0 0 0 0 0 0 0 0 0 0 0 0 0 0 0 0 0 0 0 0 0 0 0 0 0 0 0 0 0 0 0 0 0 0 0 0 0 0 0 0 0 0 0 0 0 0 0 0 0 0 0 0 0 0 0 0 0 0 0 0 0 0 0 0 0 0 0 0 0 0 0 0 0 0 0 0 0 0 0 0 0 0 0 0 0 0 0 0 0 0 0 0 0 0 0 0 0 0 0 0 0 0 0 0 0 0 0 0 0 0 0 0 0 0 0 0 0 0 0 0 0 0 0 0 0 0 0 0 0 0 0 0 0 0 0 0 0 0 0 0 0 0 0 0 0 0 0 0 0 0 0 0 0 0 0 0 0 0 0 0 0 0 0 0 0 0 0 0 0 0 0 0 0 0 0 0 0 0 0 0 0 0 0 0 0 0 0 0 0 0 0 0 0 0 0 0 0 0 0 0 0 0 0 0 0 0 0 0 0 0 0 0 0 0 0 0 0 0 0 0 0 0 0 0 0 0 0 0 0 0 0 0 0 0 0 0 0 0 0 0 0 0 0 0 0 0 0 0 0 0 0 0 0 0 0 0 0 0 0 0 0 0 0 0 0 0 0 0 0 0 0 0 0 0 0 0 0 0 0 0 0 0 0 0 0 0 0 0 0 0 0 0 0 0 0 0 0 0 0 0 0 0 0 0 0 0 0 0 0 0 0 0 0 0 0 0 0 0 0 0 0 0 0 0 0 0 0 0 0 0 0 0 0 0 0 0 0 0 0 0 0 0 0 0 0 0 0 0 0 0 0 0 0 0 0 0 0 0 0 0 0 0 0 0 0 0 0 0 0 0 0 0 0 0 0 0 0 0 0 0 0 0 0 0 0 0 0 0 0 0 0 0 0 0 0 0 0 0 0 0 0 0 0 0 0 0 0 0 0 0 0 0 0 0 0 0 0 0 0 0 0 0 0 0 0 0 0 0 0 0 0 0 0 0 0 0 0 0 0 0 0 0 0 0 0 0 0 0 0 0 0 0 0 0 0 0 0 0 0 0 0 0 0 0 0 0 0 0 0 0 0 0 0 0 0 0 0 0 0 0 0 0 0 0 0 0 0 0 0 0 0 0 0 0 0 0 0 0 0 0 0 0 0 0 0 0 0 0 0 0 0 0 0 0 0 0 0 0 0 0 0 0 0 0 0 0 0 0 0 0 0 0 0 0 0 0 0 0 0 0 0 0 0 0 0 0 0 0 0 0 0 0 0 0 0 0 0 0 0 0 0 0 0 0 0 0 0 0 0 0 0 0 0 0 0 0 0 0 0 0 0 0 0 0 0 0 0 0 0 0 0 0 0 0 0 0 0 0 0 0 0 0 0 0 0 0 0 0 0 0 0 0 0 0 0 0 0 0 0 0 0 0 0 0 0 0 0 0 0 0 0 0 0 0 0 0 0 0 0 0 0 0 0 0 0 0 0 0 0 0 0 0 0 0 0 0 0 0 0 0 0 0 0 0 0 0 0 0 0 0 0 0 0 0 0 0 0 0 0 0 0 0 0 0 0 0 0 0 0 0 0 0 0 0 0 0 0 0 0 0 0 0 0 0 0 0 0 0 0 0 0 0 0 0 0 0 0 0 0 0 0 0 0 0 0 0 0 0 0 0 0 0 0 0 0 0 0 0 0 0 0 0 0 0 0 0 0 0 0 0 0 0 0 0 0 0 0 0 0 0 0 0 0 0 0 0 0 0 0 0 0 0 0 0 0 0 0 0 0 0 0 0 0 0 0 0 0 0 0 0 0 0 0 0 0 0 0 0 0 0 0 0 0 0 0 0 0 0 0 0 0 0 0 0 0 0 0 0 0 0 0 0 0 0 0 0 0 0 0 0 0 0 0 0 0 0 0 0 0 0 0 0 0 0 0 0 0 0 0 0 0 0 0 0 0 0 0 0 0 0 0 0 0 0 0 0 0 0 0 0 0 0 0 0 0 0 0 0 0 0 0 0 0 0 0 0 0 0 0 0 0 0 0 0 0 0 0 0 0 0 0 0 0 0 0 0 0 0 0 0 0 0 0 0 0 0 0 0 0 0 0 0 0 0 0 0 0 0 0 0 0 0 0 0 0 0 0 0 0 0 0 0 0 0 0 0 0 0 0 0 0 0 0 0 0 0 0 0 0 0 0 0 0 0 0 0 0 0 0 0 0 0 0 0 0 0 0 0 0 0 0 0 0 0 0 0 0 0 0 0 0 0 0 0 0 0 0 0 0 0 0 0 0 0 0 0 0 0 0 0 0 0 0 0 0 0 0 0 0 0 0 0 0 0 0 0 0 0 0 0 0 0 0 0 0 0 0 0 0 0 0 0 0 0 0 0 0 0 0 0 0 0 0 0 0 0 0 0 0 0 0 0 0 0 0 0 0 0 0 0 0 0 0 0 0 0 0 0 0 0 0 0 0 0 0 0 0 0 0 0 0 0 0 0 0 0 0 0 0 0 0 0 0 0 0 0 0 0 0 0 0 0 0 0 0 0 0 0 0 0 0 0 0 0 0 0 0 0 0 0 0 0 0 0 0 0 0 0 0 0 0 0 0 0 0 0 0 0 0 0 0 0 0 0 0 0 0 0 0 0 0 0 0 0 0 0 0 0 0 0 0 0 0 0 0 0 0 0 0 0 0 0 0 0 0 0 0 0 0 0 0 0 0 0 0 0 0 0 0 0 0 0 0 0 0 0 0 0 0 0 0 0 0 0 0 0 0 0 0 0 0 0 0 0 0 0 0 0 0 0 0 0 0 0 0 0 0 0 0 0 0 0 0 0 0 0 0 0 0 0 0 0 0 0 0 0 0 0 0 0 0 0 0 0 0 0 0 0 0 0 0 0 0 0 0 0 0 0 0 0 0 0 0 0 0 0 0 0 0 0 0 0 0 0 0 0 0 0 0 0 0 0 0 0 0 0 0 0 0 0 0 0 0] invalid character '}' after top-level value
DEBUG  : 2022/08/19 10:48:19 database.go:41: {11 2022-08-19 10:48:19.234697214 +0600 +06 m=+30.010068122 {27 35}}
INFO   : 2022/08/19 10:48:24 Client 11 stopped
INFO   : 2022/08/19 10:48:50 Client 11 start
DEBUG  : 2022/08/19 10:49:00 database.go:41: {11 2022-08-19 10:49:00.654953353 +0600 +06 m=+10.006501317 {18 48}}
DEBUG  : 2022/08/19 10:49:00 database.go:41: {11 2022-08-19 10:49:00.654953353 +0600 +06 {18 48}}
DEBUG  : 2022/08/19 10:49:10 database.go:41: {11 2022-08-19 10:49:10.653393329 +0600 +06 m=+20.004941324 {31 32}}
DEBUG  : 2022/08/19 10:49:10 database.go:41: {11 2022-08-19 10:49:10.653393329 +0600 +06 {31 32}}
DEBUG  : 2022/08/19 10:49:20 database.go:41: {11 2022-08-19 10:49:20.654989409 +0600 +06 m=+30.006537433 {19 71}}
DEBUG  : 2022/08/19 10:49:20 database.go:41: {11 2022-08-19 10:49:20.654989409 +0600 +06 {19 71}}
DEBUG  : 2022/08/19 10:49:30 database.go:41: {11 2022-08-19 10:49:30.658973892 +0600 +06 m=+40.010521886 {16 58}}
DEBUG  : 2022/08/19 10:49:30 database.go:41: {11 2022-08-19 10:49:30.658973892 +0600 +06 {16 58}}
DEBUG  : 2022/08/19 10:49:40 database.go:41: {11 2022-08-19 10:49:40.658948679 +0600 +06 m=+50.010496633 {27 80}}
DEBUG  : 2022/08/19 10:49:40 database.go:41: {11 2022-08-19 10:49:40.658948679 +0600 +06 {27 80}}
DEBUG  : 2022/08/19 10:49:50 database.go:41: {11 2022-08-19 10:49:50.658992579 +0600 +06 m=+60.010540583 {21 74}}
DEBUG  : 2022/08/19 10:49:50 database.go:41: {11 2022-08-19 10:49:50.658992579 +0600 +06 {21 74}}
DEBUG  : 2022/08/19 10:50:00 database.go:41: {11 2022-08-19 10:50:00.659229923 +0600 +06 m=+70.010777907 {30 44}}
DEBUG  : 2022/08/19 10:50:00 database.go:41: {11 2022-08-19 10:50:00.659229923 +0600 +06 {30 44}}
DEBUG  : 2022/08/19 10:50:01 database.go:41: {22 2022-08-19 10:50:01.144656324 +0600 +06 {19 18}}
DEBUG  : 2022/08/19 10:50:10 database.go:41: {11 2022-08-19 10:50:10.654968692 +0600 +06 m=+80.006516656 {6 91}}
ERROR  : 2022/08/19 10:50:10 netware.go:69: {"uid":11,"time":"2022-08-19T10:50:10.654968692+06:00","data":{"t":6,"d":91}}} invalid character '}' after top-level value
DEBUG  : 2022/08/19 10:50:20 database.go:41: {11 2022-08-19 10:50:20.65522088 +0600 +06 m=+90.006768894 {24 36}}
DEBUG  : 2022/08/19 10:50:30 database.go:41: {11 2022-08-19 10:50:30.658377279 +0600 +06 m=+100.009925273 {2 54}}
INFO   : 2022/08/19 10:50:31 Client 11 stopped
INFO   : 2022/08/19 10:51:48 Client 11 start
DEBUG  : 2022/08/19 10:51:58 database.go:41: {11 2022-08-19 10:51:58.434684078 +0600 +06 m=+10.009862117 {11 33}}
DEBUG  : 2022/08/19 10:51:58 database.go:41: {11 2022-08-19 10:51:58.434684078 +0600 +06 {11 33}}
DEBUG  : 2022/08/19 10:52:08 database.go:41: {11 2022-08-19 10:52:08.435080074 +0600 +06 m=+20.010258113 {19 63}}
DEBUG  : 2022/08/19 10:52:08 database.go:41: {11 2022-08-19 10:52:08.435080074 +0600 +06 {19 63}}
DEBUG  : 2022/08/19 10:52:18 database.go:41: {11 2022-08-19 10:52:18.426628005 +0600 +06 m=+30.001806014 {3 87}}
DEBUG  : 2022/08/19 10:52:18 database.go:41: {11 2022-08-19 10:52:18.426628005 +0600 +06 {3 87}}
DEBUG  : 2022/08/19 10:52:23 database.go:41: {22 2022-08-19 10:52:23.561704984 +0600 +06 {37 21}}
DEBUG  : 2022/08/19 10:52:28 database.go:41: {11 2022-08-19 10:52:28.430316874 +0600 +06 m=+40.005494883 {23 21}}
DEBUG  : 2022/08/19 10:52:28 database.go:41: {11 2022-08-19 10:52:28.430316874 +0600 +06 {23 21}}
DEBUG  : 2022/08/19 10:52:33 database.go:41: {22 2022-08-19 10:52:33.562130436 +0600 +06 {19 8}}
DEBUG  : 2022/08/19 10:52:38 database.go:41: {11 2022-08-19 10:52:38.429686779 +0600 +06 m=+50.004864788 {29 79}}
DEBUG  : 2022/08/19 10:52:38 database.go:41: {11 2022-08-19 10:52:38.429686779 +0600 +06 {29 79}}
DEBUG  : 2022/08/19 10:52:43 database.go:41: {22 2022-08-19 10:52:43.562425991 +0600 +06 {2 80}}
DEBUG  : 2022/08/19 10:52:48 database.go:41: {11 2022-08-19 10:52:48.42971516 +0600 +06 m=+60.004893229 {30 43}}
DEBUG  : 2022/08/19 10:52:48 database.go:41: {11 2022-08-19 10:52:48.42971516 +0600 +06 {30 43}}
DEBUG  : 2022/08/19 10:52:53 database.go:41: {22 2022-08-19 10:52:53.562536336 +0600 +06 {32 45}}
DEBUG  : 2022/08/19 10:52:58 database.go:41: {11 2022-08-19 10:52:58.42695773 +0600 +06 m=+70.002135729 {21 21}}
DEBUG  : 2022/08/19 10:52:58 database.go:41: {11 2022-08-19 10:52:58.42695773 +0600 +06 {21 21}}
DEBUG  : 2022/08/19 10:53:03 database.go:41: {22 2022-08-19 10:53:03.561767641 +0600 +06 {29 56}}
DEBUG  : 2022/08/19 10:53:08 database.go:41: {11 2022-08-19 10:53:08.427143725 +0600 +06 m=+80.002321724 {36 47}}
DEBUG  : 2022/08/19 10:53:08 database.go:41: {11 2022-08-19 10:53:08.427143725 +0600 +06 {36 47}}
DEBUG  : 2022/08/19 10:53:13 database.go:41: {22 2022-08-19 10:53:13.561972003 +0600 +06 {24 77}}
DEBUG  : 2022/08/19 10:53:18 database.go:41: {11 2022-08-19 10:53:18.430369289 +0600 +06 m=+90.005547298 {36 64}}
DEBUG  : 2022/08/19 10:53:18 database.go:41: {11 2022-08-19 10:53:18.430369289 +0600 +06 {36 64}}
DEBUG  : 2022/08/19 10:53:23 database.go:41: {22 2022-08-19 10:53:23.562139441 +0600 +06 {20 61}}
DEBUG  : 2022/08/19 10:53:28 database.go:41: {11 2022-08-19 10:53:28.427523045 +0600 +06 m=+100.002701054 {26 80}}
DEBUG  : 2022/08/19 10:53:28 database.go:41: {11 2022-08-19 10:53:28.427523045 +0600 +06 {26 80}}
DEBUG  : 2022/08/19 10:53:33 database.go:41: {22 2022-08-19 10:53:33.562318427 +0600 +06 {11 88}}
DEBUG  : 2022/08/19 10:53:38 database.go:41: {11 2022-08-19 10:53:38.427102445 +0600 +06 m=+110.002280455 {29 38}}
DEBUG  : 2022/08/19 10:53:38 database.go:41: {11 2022-08-19 10:53:38.427102445 +0600 +06 {29 38}}
DEBUG  : 2022/08/19 10:53:43 database.go:41: {22 2022-08-19 10:53:43.561874625 +0600 +06 {23 88}}
DEBUG  : 2022/08/19 10:53:48 database.go:41: {11 2022-08-19 10:53:48.426962166 +0600 +06 m=+120.002140176 {14 99}}
DEBUG  : 2022/08/19 10:53:48 database.go:41: {11 2022-08-19 10:53:48.426962166 +0600 +06 {14 99}}
DEBUG  : 2022/08/19 10:53:53 database.go:41: {22 2022-08-19 10:53:53.561751287 +0600 +06 {25 76}}
DEBUG  : 2022/08/19 10:53:58 database.go:41: {11 2022-08-19 10:53:58.430167291 +0600 +06 m=+130.005345290 {21 42}}
DEBUG  : 2022/08/19 10:53:58 database.go:41: {11 2022-08-19 10:53:58.430167291 +0600 +06 {21 42}}
DEBUG  : 2022/08/19 10:54:03 database.go:41: {22 2022-08-19 10:54:03.561908976 +0600 +06 {14 23}}
DEBUG  : 2022/08/19 10:54:08 database.go:41: {11 2022-08-19 10:54:08.430141689 +0600 +06 m=+140.005319688 {23 45}}
DEBUG  : 2022/08/19 10:54:08 database.go:41: {11 2022-08-19 10:54:08.430141689 +0600 +06 {23 45}}
DEBUG  : 2022/08/19 10:54:13 database.go:41: {22 2022-08-19 10:54:13.562022442 +0600 +06 {4 68}}
DEBUG  : 2022/08/19 10:54:18 database.go:41: {11 2022-08-19 10:54:18.430252512 +0600 +06 m=+150.005430552 {31 67}}
DEBUG  : 2022/08/19 10:54:18 database.go:41: {11 2022-08-19 10:54:18.430252512 +0600 +06 {31 67}}
DEBUG  : 2022/08/19 10:54:23 database.go:41: {22 2022-08-19 10:54:23.562049183 +0600 +06 {7 55}}
DEBUG  : 2022/08/19 10:54:28 database.go:41: {11 2022-08-19 10:54:28.42697083 +0600 +06 m=+160.002148829 {9 13}}
DEBUG  : 2022/08/19 10:54:28 database.go:41: {11 2022-08-19 10:54:28.42697083 +0600 +06 {9 13}}
DEBUG  : 2022/08/19 10:54:33 database.go:41: {22 2022-08-19 10:54:33.561802604 +0600 +06 {29 18}}
DEBUG  : 2022/08/19 10:54:38 database.go:41: {11 2022-08-19 10:54:38.430192728 +0600 +06 m=+170.005370767 {33 26}}
DEBUG  : 2022/08/19 10:54:38 database.go:41: {11 2022-08-19 10:54:38.430192728 +0600 +06 {33 26}}
DEBUG  : 2022/08/19 10:54:43 database.go:41: {22 2022-08-19 10:54:43.562013506 +0600 +06 {21 45}}
DEBUG  : 2022/08/19 10:54:48 database.go:41: {11 2022-08-19 10:54:48.430205992 +0600 +06 m=+180.005384031 {36 83}}
DEBUG  : 2022/08/19 10:54:48 database.go:41: {11 2022-08-19 10:54:48.430205992 +0600 +06 {36 83}}
DEBUG  : 2022/08/19 10:54:53 database.go:41: {22 2022-08-19 10:54:53.561904251 +0600 +06 {9 17}}
DEBUG  : 2022/08/19 10:54:58 database.go:41: {11 2022-08-19 10:54:58.43026985 +0600 +06 m=+190.005447829 {30 15}}
DEBUG  : 2022/08/19 10:54:58 database.go:41: {11 2022-08-19 10:54:58.43026985 +0600 +06 {30 15}}
DEBUG  : 2022/08/19 10:55:03 database.go:41: {22 2022-08-19 10:55:03.561984433 +0600 +06 {10 43}}
DEBUG  : 2022/08/19 10:55:08 database.go:41: {11 2022-08-19 10:55:08.427157025 +0600 +06 m=+200.002335034 {30 99}}
DEBUG  : 2022/08/19 10:55:08 database.go:41: {11 2022-08-19 10:55:08.427157025 +0600 +06 {30 99}}
DEBUG  : 2022/08/19 10:55:13 database.go:41: {22 2022-08-19 10:55:13.562026638 +0600 +06 {6 3}}
DEBUG  : 2022/08/19 10:55:18 database.go:41: {11 2022-08-19 10:55:18.430316853 +0600 +06 m=+210.005494862 {7 17}}
DEBUG  : 2022/08/19 10:55:18 database.go:41: {11 2022-08-19 10:55:18.430316853 +0600 +06 {7 17}}
DEBUG  : 2022/08/19 10:55:23 database.go:41: {22 2022-08-19 10:55:23.562109928 +0600 +06 {31 10}}
DEBUG  : 2022/08/19 10:55:28 database.go:41: {11 2022-08-19 10:55:28.429047431 +0600 +06 m=+220.004225481 {23 91}}
DEBUG  : 2022/08/19 10:55:28 database.go:41: {11 2022-08-19 10:55:28.429047431 +0600 +06 {23 91}}
DEBUG  : 2022/08/19 10:55:33 database.go:41: {22 2022-08-19 10:55:33.561758993 +0600 +06 {23 88}}
DEBUG  : 2022/08/19 10:55:38 database.go:41: {11 2022-08-19 10:55:38.427113091 +0600 +06 m=+230.002291100 {21 87}}
DEBUG  : 2022/08/19 10:55:38 database.go:41: {11 2022-08-19 10:55:38.427113091 +0600 +06 {21 87}}
DEBUG  : 2022/08/19 10:55:43 database.go:41: {22 2022-08-19 10:55:43.561892863 +0600 +06 {29 67}}
DEBUG  : 2022/08/19 10:55:48 database.go:41: {11 2022-08-19 10:55:48.43017488 +0600 +06 m=+240.005352880 {28 24}}
DEBUG  : 2022/08/19 10:55:48 database.go:41: {11 2022-08-19 10:55:48.43017488 +0600 +06 {28 24}}
DEBUG  : 2022/08/19 10:55:53 database.go:41: {22 2022-08-19 10:55:53.561996773 +0600 +06 {22 52}}
DEBUG  : 2022/08/19 10:55:58 database.go:41: {11 2022-08-19 10:55:58.430554101 +0600 +06 m=+250.005732110 {8 43}}
DEBUG  : 2022/08/19 10:55:58 database.go:41: {11 2022-08-19 10:55:58.430554101 +0600 +06 {8 43}}
DEBUG  : 2022/08/19 10:56:03 database.go:41: {22 2022-08-19 10:56:03.562237143 +0600 +06 {16 33}}
DEBUG  : 2022/08/19 10:56:08 database.go:41: {11 2022-08-19 10:56:08.429729836 +0600 +06 m=+260.004907846 {35 68}}
DEBUG  : 2022/08/19 10:56:08 database.go:41: {11 2022-08-19 10:56:08.429729836 +0600 +06 {35 68}}
DEBUG  : 2022/08/19 10:56:13 database.go:41: {22 2022-08-19 10:56:13.557674296 +0600 +06 {26 86}}
DEBUG  : 2022/08/19 10:56:18 database.go:41: {11 2022-08-19 10:56:18.430043131 +0600 +06 m=+270.005221140 {15 44}}
DEBUG  : 2022/08/19 10:56:18 database.go:41: {11 2022-08-19 10:56:18.430043131 +0600 +06 {15 44}}
DEBUG  : 2022/08/19 10:56:23 database.go:41: {22 2022-08-19 10:56:23.56196885 +0600 +06 {2 89}}
DEBUG  : 2022/08/19 10:56:28 database.go:41: {11 2022-08-19 10:56:28.429460419 +0600 +06 m=+280.004638418 {31 28}}
DEBUG  : 2022/08/19 10:56:28 database.go:41: {11 2022-08-19 10:56:28.429460419 +0600 +06 {31 28}}
DEBUG  : 2022/08/19 10:56:33 database.go:41: {22 2022-08-19 10:56:33.562521 +0600 +06 {12 73}}
DEBUG  : 2022/08/19 10:56:38 database.go:41: {11 2022-08-19 10:56:38.427107991 +0600 +06 m=+290.002286000 {7 69}}
DEBUG  : 2022/08/19 10:56:38 database.go:41: {11 2022-08-19 10:56:38.427107991 +0600 +06 {7 69}}
DEBUG  : 2022/08/19 10:56:43 database.go:41: {22 2022-08-19 10:56:43.561689241 +0600 +06 {12 95}}
DEBUG  : 2022/08/19 10:56:48 database.go:41: {11 2022-08-19 10:56:48.428528447 +0600 +06 m=+300.003706476 {8 87}}
DEBUG  : 2022/08/19 10:56:48 database.go:41: {11 2022-08-19 10:56:48.428528447 +0600 +06 {8 87}}
DEBUG  : 2022/08/19 10:56:53 database.go:41: {22 2022-08-19 10:56:53.562335574 +0600 +06 {6 30}}
DEBUG  : 2022/08/19 10:56:58 database.go:41: {11 2022-08-19 10:56:58.429992828 +0600 +06 m=+310.005170868 {36 74}}
DEBUG  : 2022/08/19 10:56:58 database.go:41: {11 2022-08-19 10:56:58.429992828 +0600 +06 {36 74}}
DEBUG  : 2022/08/19 10:57:03 database.go:41: {22 2022-08-19 10:57:03.561740168 +0600 +06 {39 90}}
DEBUG  : 2022/08/19 10:57:08 database.go:41: {11 2022-08-19 10:57:08.43019997 +0600 +06 m=+320.005377980 {9 25}}
DEBUG  : 2022/08/19 10:57:08 database.go:41: {11 2022-08-19 10:57:08.43019997 +0600 +06 {9 25}}
DEBUG  : 2022/08/19 10:57:13 database.go:41: {22 2022-08-19 10:57:13.562137122 +0600 +06 {36 35}}
DEBUG  : 2022/08/19 10:57:18 database.go:41: {11 2022-08-19 10:57:18.429582826 +0600 +06 m=+330.004760835 {5 71}}
DEBUG  : 2022/08/19 10:57:18 database.go:41: {11 2022-08-19 10:57:18.429582826 +0600 +06 {5 71}}
DEBUG  : 2022/08/19 10:57:23 database.go:41: {22 2022-08-19 10:57:23.562347784 +0600 +06 {33 56}}
DEBUG  : 2022/08/19 10:57:28 database.go:41: {11 2022-08-19 10:57:28.429846248 +0600 +06 m=+340.005024257 {9 30}}
DEBUG  : 2022/08/19 10:57:28 database.go:41: {11 2022-08-19 10:57:28.429846248 +0600 +06 {9 30}}
DEBUG  : 2022/08/19 10:57:33 database.go:41: {22 2022-08-19 10:57:33.561733175 +0600 +06 {34 67}}
DEBUG  : 2022/08/19 10:57:38 database.go:41: {11 2022-08-19 10:57:38.430229885 +0600 +06 m=+350.005407894 {25 40}}
DEBUG  : 2022/08/19 10:57:38 database.go:41: {11 2022-08-19 10:57:38.430229885 +0600 +06 {25 40}}
DEBUG  : 2022/08/19 10:57:43 database.go:41: {22 2022-08-19 10:57:43.562044458 +0600 +06 {35 85}}
DEBUG  : 2022/08/19 10:57:48 database.go:41: {11 2022-08-19 10:57:48.42951017 +0600 +06 m=+360.004688179 {37 74}}
DEBUG  : 2022/08/19 10:57:48 database.go:41: {11 2022-08-19 10:57:48.42951017 +0600 +06 {37 74}}
DEBUG  : 2022/08/19 10:57:53 database.go:41: {22 2022-08-19 10:57:53.562308262 +0600 +06 {36 67}}
DEBUG  : 2022/08/19 10:57:58 database.go:41: {11 2022-08-19 10:57:58.429879382 +0600 +06 m=+370.005057391 {30 21}}
DEBUG  : 2022/08/19 10:57:58 database.go:41: {11 2022-08-19 10:57:58.429879382 +0600 +06 {30 21}}
DEBUG  : 2022/08/19 10:58:03 database.go:41: {22 2022-08-19 10:58:03.561624999 +0600 +06 {7 23}}
DEBUG  : 2022/08/19 10:58:08 database.go:41: {11 2022-08-19 10:58:08.42997075 +0600 +06 m=+380.005148759 {34 27}}
DEBUG  : 2022/08/19 10:58:08 database.go:41: {11 2022-08-19 10:58:08.42997075 +0600 +06 {34 27}}
DEBUG  : 2022/08/19 10:58:13 database.go:41: {22 2022-08-19 10:58:13.561707693 +0600 +06 {0 18}}
DEBUG  : 2022/08/19 10:58:18 database.go:41: {11 2022-08-19 10:58:18.428772696 +0600 +06 m=+390.003950745 {22 26}}
DEBUG  : 2022/08/19 10:58:18 database.go:41: {11 2022-08-19 10:58:18.428772696 +0600 +06 {22 26}}
DEBUG  : 2022/08/19 10:58:23 database.go:41: {22 2022-08-19 10:58:23.55766948 +0600 +06 {13 25}}
DEBUG  : 2022/08/19 10:58:28 database.go:41: {11 2022-08-19 10:58:28.42699922 +0600 +06 m=+400.002177259 {24 16}}
DEBUG  : 2022/08/19 10:58:28 database.go:41: {11 2022-08-19 10:58:28.42699922 +0600 +06 {24 16}}
DEBUG  : 2022/08/19 10:58:33 database.go:41: {22 2022-08-19 10:58:33.561623473 +0600 +06 {28 41}}
DEBUG  : 2022/08/19 10:58:38 database.go:41: {11 2022-08-19 10:58:38.430057994 +0600 +06 m=+410.005236003 {3 88}}
DEBUG  : 2022/08/19 10:58:38 database.go:41: {11 2022-08-19 10:58:38.430057994 +0600 +06 {3 88}}
DEBUG  : 2022/08/19 10:58:43 database.go:41: {22 2022-08-19 10:58:43.561863219 +0600 +06 {37 27}}
DEBUG  : 2022/08/19 10:58:48 database.go:41: {11 2022-08-19 10:58:48.426983222 +0600 +06 m=+420.002161231 {20 59}}
DEBUG  : 2022/08/19 10:58:48 database.go:41: {11 2022-08-19 10:58:48.426983222 +0600 +06 {20 59}}
DEBUG  : 2022/08/19 10:58:53 database.go:41: {22 2022-08-19 10:58:53.561688207 +0600 +06 {12 78}}
DEBUG  : 2022/08/19 10:58:58 database.go:41: {11 2022-08-19 10:58:58.430057539 +0600 +06 m=+430.005235538 {4 21}}
DEBUG  : 2022/08/19 10:58:58 database.go:41: {11 2022-08-19 10:58:58.430057539 +0600 +06 {4 21}}
DEBUG  : 2022/08/19 10:59:03 database.go:41: {22 2022-08-19 10:59:03.561844023 +0600 +06 {12 8}}
DEBUG  : 2022/08/19 10:59:08 database.go:41: {11 2022-08-19 10:59:08.430430239 +0600 +06 m=+440.005608248 {14 28}}
DEBUG  : 2022/08/19 10:59:08 database.go:41: {11 2022-08-19 10:59:08.430430239 +0600 +06 {14 28}}
DEBUG  : 2022/08/19 10:59:13 database.go:41: {22 2022-08-19 10:59:13.56220307 +0600 +06 {15 5}}
DEBUG  : 2022/08/19 10:59:18 database.go:41: {11 2022-08-19 10:59:18.426961872 +0600 +06 m=+450.002139871 {25 3}}
DEBUG  : 2022/08/19 10:59:18 database.go:41: {11 2022-08-19 10:59:18.426961872 +0600 +06 {25 3}}
DEBUG  : 2022/08/19 10:59:23 database.go:41: {22 2022-08-19 10:59:23.561748356 +0600 +06 {17 17}}
DEBUG  : 2022/08/19 10:59:28 database.go:41: {11 2022-08-19 10:59:28.430200851 +0600 +06 m=+460.005378860 {3 29}}
DEBUG  : 2022/08/19 10:59:28 database.go:41: {11 2022-08-19 10:59:28.430200851 +0600 +06 {3 29}}
DEBUG  : 2022/08/19 10:59:33 database.go:41: {22 2022-08-19 10:59:33.561950135 +0600 +06 {18 20}}
DEBUG  : 2022/08/19 10:59:38 database.go:41: {11 2022-08-19 10:59:38.429497597 +0600 +06 m=+470.004675636 {32 12}}
DEBUG  : 2022/08/19 10:59:38 database.go:41: {11 2022-08-19 10:59:38.429497597 +0600 +06 {32 12}}
DEBUG  : 2022/08/19 10:59:43 database.go:41: {22 2022-08-19 10:59:43.562232128 +0600 +06 {20 36}}
DEBUG  : 2022/08/19 10:59:48 database.go:41: {11 2022-08-19 10:59:48.429508002 +0600 +06 m=+480.004686001 {6 31}}
DEBUG  : 2022/08/19 10:59:48 database.go:41: {11 2022-08-19 10:59:48.429508002 +0600 +06 {6 31}}
DEBUG  : 2022/08/19 10:59:53 database.go:41: {22 2022-08-19 10:59:53.562181782 +0600 +06 {39 90}}
DEBUG  : 2022/08/19 10:59:58 database.go:41: {11 2022-08-19 10:59:58.426945337 +0600 +06 m=+490.002123356 {13 86}}
DEBUG  : 2022/08/19 10:59:58 database.go:41: {11 2022-08-19 10:59:58.426945337 +0600 +06 {13 86}}
DEBUG  : 2022/08/19 11:00:03 database.go:41: {22 2022-08-19 11:00:03.561644322 +0600 +06 {28 2}}
DEBUG  : 2022/08/19 11:00:08 database.go:41: {11 2022-08-19 11:00:08.429918685 +0600 +06 m=+500.005096684 {12 72}}
DEBUG  : 2022/08/19 11:00:08 database.go:41: {11 2022-08-19 11:00:08.429918685 +0600 +06 {12 72}}
DEBUG  : 2022/08/19 11:00:13 database.go:41: {22 2022-08-19 11:00:13.561680902 +0600 +06 {11 34}}
DEBUG  : 2022/08/19 11:00:18 database.go:41: {11 2022-08-19 11:00:18.430190016 +0600 +06 m=+510.005368025 {29 97}}
DEBUG  : 2022/08/19 11:00:18 database.go:41: {11 2022-08-19 11:00:18.430190016 +0600 +06 {29 97}}
DEBUG  : 2022/08/19 11:00:23 database.go:41: {22 2022-08-19 11:00:23.559330399 +0600 +06 {5 54}}
DEBUG  : 2022/08/19 11:00:28 database.go:41: {11 2022-08-19 11:00:28.429824866 +0600 +06 m=+520.005002865 {10 64}}
DEBUG  : 2022/08/19 11:00:28 database.go:41: {11 2022-08-19 11:00:28.429824866 +0600 +06 {10 64}}
DEBUG  : 2022/08/19 11:00:33 database.go:41: {22 2022-08-19 11:00:33.560605682 +0600 +06 {35 16}}
DEBUG  : 2022/08/19 11:00:38 database.go:41: {11 2022-08-19 11:00:38.430088363 +0600 +06 m=+530.005266372 {17 5}}
DEBUG  : 2022/08/19 11:00:38 database.go:41: {11 2022-08-19 11:00:38.430088363 +0600 +06 {17 5}}
DEBUG  : 2022/08/19 11:00:43 database.go:41: {22 2022-08-19 11:00:43.561851887 +0600 +06 {2 79}}
DEBUG  : 2022/08/19 11:00:48 database.go:41: {11 2022-08-19 11:00:48.430184445 +0600 +06 m=+540.005362454 {37 92}}
DEBUG  : 2022/08/19 11:00:48 database.go:41: {11 2022-08-19 11:00:48.430184445 +0600 +06 {37 92}}
DEBUG  : 2022/08/19 11:00:53 database.go:41: {22 2022-08-19 11:00:53.561930194 +0600 +06 {0 14}}
DEBUG  : 2022/08/19 11:00:58 database.go:41: {11 2022-08-19 11:00:58.430170889 +0600 +06 m=+550.005348898 {20 68}}
DEBUG  : 2022/08/19 11:00:58 database.go:41: {11 2022-08-19 11:00:58.430170889 +0600 +06 {20 68}}
DEBUG  : 2022/08/19 11:01:03 database.go:41: {22 2022-08-19 11:01:03.561863633 +0600 +06 {34 10}}
DEBUG  : 2022/08/19 11:01:08 database.go:41: {11 2022-08-19 11:01:08.43027969 +0600 +06 m=+560.005457699 {18 13}}
DEBUG  : 2022/08/19 11:01:08 database.go:41: {11 2022-08-19 11:01:08.43027969 +0600 +06 {18 13}}
DEBUG  : 2022/08/19 11:01:13 database.go:41: {22 2022-08-19 11:01:13.562011995 +0600 +06 {29 30}}
DEBUG  : 2022/08/19 11:01:18 database.go:41: {11 2022-08-19 11:01:18.427100179 +0600 +06 m=+570.002278208 {36 81}}
DEBUG  : 2022/08/19 11:01:18 database.go:41: {11 2022-08-19 11:01:18.427100179 +0600 +06 {36 81}}
DEBUG  : 2022/08/19 11:01:23 database.go:41: {22 2022-08-19 11:01:23.55745825 +0600 +06 {23 98}}
DEBUG  : 2022/08/19 11:01:28 database.go:41: {11 2022-08-19 11:01:28.426969963 +0600 +06 m=+580.002148002 {8 19}}
DEBUG  : 2022/08/19 11:01:28 database.go:41: {11 2022-08-19 11:01:28.426969963 +0600 +06 {8 19}}
DEBUG  : 2022/08/19 11:01:33 database.go:41: {22 2022-08-19 11:01:33.557513771 +0600 +06 {0 55}}
DEBUG  : 2022/08/19 11:01:38 database.go:41: {11 2022-08-19 11:01:38.427167091 +0600 +06 m=+590.002345090 {3 25}}
DEBUG  : 2022/08/19 11:01:38 database.go:41: {11 2022-08-19 11:01:38.427167091 +0600 +06 {3 25}}
DEBUG  : 2022/08/19 11:01:43 database.go:41: {22 2022-08-19 11:01:43.557494471 +0600 +06 {17 85}}
DEBUG  : 2022/08/19 11:01:48 database.go:41: {11 2022-08-19 11:01:48.429825695 +0600 +06 m=+600.005003704 {1 73}}
DEBUG  : 2022/08/19 11:01:48 database.go:41: {11 2022-08-19 11:01:48.429825695 +0600 +06 {1 73}}
DEBUG  : 2022/08/19 11:01:53 database.go:41: {22 2022-08-19 11:01:53.557622929 +0600 +06 {2 93}}
DEBUG  : 2022/08/19 11:01:58 database.go:41: {11 2022-08-19 11:01:58.428999304 +0600 +06 m=+610.004177314 {36 73}}
DEBUG  : 2022/08/19 11:01:58 database.go:41: {11 2022-08-19 11:01:58.428999304 +0600 +06 {36 73}}
DEBUG  : 2022/08/19 11:02:03 database.go:41: {22 2022-08-19 11:02:03.561899618 +0600 +06 {39 56}}
DEBUG  : 2022/08/19 11:02:08 database.go:41: {11 2022-08-19 11:02:08.430513689 +0600 +06 m=+620.005691698 {24 23}}
DEBUG  : 2022/08/19 11:02:08 database.go:41: {11 2022-08-19 11:02:08.430513689 +0600 +06 {24 23}}
DEBUG  : 2022/08/19 11:02:13 database.go:41: {22 2022-08-19 11:02:13.562319999 +0600 +06 {3 44}}
DEBUG  : 2022/08/19 11:02:18 database.go:41: {11 2022-08-19 11:02:18.429871349 +0600 +06 m=+630.005049378 {10 73}}
DEBUG  : 2022/08/19 11:02:18 database.go:41: {11 2022-08-19 11:02:18.429871349 +0600 +06 {10 73}}
DEBUG  : 2022/08/19 11:02:23 database.go:41: {22 2022-08-19 11:02:23.561635621 +0600 +06 {37 94}}
DEBUG  : 2022/08/19 11:02:28 database.go:41: {11 2022-08-19 11:02:28.429902086 +0600 +06 m=+640.005080085 {15 97}}
DEBUG  : 2022/08/19 11:02:28 database.go:41: {11 2022-08-19 11:02:28.429902086 +0600 +06 {15 97}}
DEBUG  : 2022/08/19 11:02:33 database.go:41: {22 2022-08-19 11:02:33.55750152 +0600 +06 {2 76}}
DEBUG  : 2022/08/19 11:02:38 database.go:41: {11 2022-08-19 11:02:38.429994134 +0600 +06 m=+650.005172144 {26 31}}
DEBUG  : 2022/08/19 11:02:38 database.go:41: {11 2022-08-19 11:02:38.429994134 +0600 +06 {26 31}}
DEBUG  : 2022/08/19 11:02:43 database.go:41: {22 2022-08-19 11:02:43.5574711 +0600 +06 {38 59}}
DEBUG  : 2022/08/19 11:02:48 database.go:41: {11 2022-08-19 11:02:48.429933546 +0600 +06 m=+660.005111545 {13 6}}
DEBUG  : 2022/08/19 11:02:48 database.go:41: {11 2022-08-19 11:02:48.429933546 +0600 +06 {13 6}}
DEBUG  : 2022/08/19 11:02:53 database.go:41: {22 2022-08-19 11:02:53.557546847 +0600 +06 {0 28}}
DEBUG  : 2022/08/19 11:02:58 database.go:41: {11 2022-08-19 11:02:58.43008308 +0600 +06 m=+670.005261089 {27 38}}
DEBUG  : 2022/08/19 11:02:58 database.go:41: {11 2022-08-19 11:02:58.43008308 +0600 +06 {27 38}}
DEBUG  : 2022/08/19 11:03:03 database.go:41: {22 2022-08-19 11:03:03.561795973 +0600 +06 {36 79}}
DEBUG  : 2022/08/19 11:03:08 database.go:41: {11 2022-08-19 11:03:08.430411863 +0600 +06 m=+680.005589902 {39 62}}
DEBUG  : 2022/08/19 11:03:08 database.go:41: {11 2022-08-19 11:03:08.430411863 +0600 +06 {39 62}}
DEBUG  : 2022/08/19 11:03:13 database.go:41: {22 2022-08-19 11:03:13.562179176 +0600 +06 {6 71}}
DEBUG  : 2022/08/19 11:03:18 database.go:41: {11 2022-08-19 11:03:18.427189272 +0600 +06 m=+690.002367281 {7 22}}
DEBUG  : 2022/08/19 11:03:18 database.go:41: {11 2022-08-19 11:03:18.427189272 +0600 +06 {7 22}}
DEBUG  : 2022/08/19 11:03:23 database.go:41: {22 2022-08-19 11:03:23.561898537 +0600 +06 {23 77}}
DEBUG  : 2022/08/19 11:03:28 database.go:41: {11 2022-08-19 11:03:28.426423222 +0600 +06 m=+700.001601232 {22 52}}
DEBUG  : 2022/08/19 11:03:28 database.go:41: {11 2022-08-19 11:03:28.426423222 +0600 +06 {22 52}}
DEBUG  : 2022/08/19 11:03:33 database.go:41: {22 2022-08-19 11:03:33.562216946 +0600 +06 {17 42}}
DEBUG  : 2022/08/19 11:03:38 database.go:41: {11 2022-08-19 11:03:38.426983559 +0600 +06 m=+710.002161569 {23 81}}
DEBUG  : 2022/08/19 11:03:38 database.go:41: {11 2022-08-19 11:03:38.426983559 +0600 +06 {23 81}}
DEBUG  : 2022/08/19 11:03:43 database.go:41: {22 2022-08-19 11:03:43.561719198 +0600 +06 {29 87}}
DEBUG  : 2022/08/19 11:03:48 database.go:41: {11 2022-08-19 11:03:48.4289224 +0600 +06 m=+720.004100439 {32 33}}
DEBUG  : 2022/08/19 11:03:48 database.go:41: {11 2022-08-19 11:03:48.4289224 +0600 +06 {32 33}}
DEBUG  : 2022/08/19 11:03:53 database.go:41: {22 2022-08-19 11:03:53.561622647 +0600 +06 {27 67}}
DEBUG  : 2022/08/19 11:03:58 database.go:41: {11 2022-08-19 11:03:58.430181981 +0600 +06 m=+730.005359990 {31 58}}
DEBUG  : 2022/08/19 11:03:58 database.go:41: {11 2022-08-19 11:03:58.430181981 +0600 +06 {31 58}}
DEBUG  : 2022/08/19 11:04:03 database.go:41: {22 2022-08-19 11:04:03.561911563 +0600 +06 {38 37}}
DEBUG  : 2022/08/19 11:04:08 database.go:41: {11 2022-08-19 11:04:08.430403735 +0600 +06 m=+740.005581774 {6 96}}
DEBUG  : 2022/08/19 11:04:08 database.go:41: {11 2022-08-19 11:04:08.430403735 +0600 +06 {6 96}}
DEBUG  : 2022/08/19 11:04:13 database.go:41: {22 2022-08-19 11:04:13.560333646 +0600 +06 {33 71}}
DEBUG  : 2022/08/19 11:04:18 database.go:41: {11 2022-08-19 11:04:18.429682184 +0600 +06 m=+750.004860193 {11 38}}
DEBUG  : 2022/08/19 11:04:18 database.go:41: {11 2022-08-19 11:04:18.429682184 +0600 +06 {11 38}}
DEBUG  : 2022/08/19 11:04:23 database.go:41: {22 2022-08-19 11:04:23.557429383 +0600 +06 {36 74}}
DEBUG  : 2022/08/19 11:04:28 database.go:41: {11 2022-08-19 11:04:28.429868007 +0600 +06 m=+760.005045996 {8 46}}
DEBUG  : 2022/08/19 11:04:28 database.go:41: {11 2022-08-19 11:04:28.429868007 +0600 +06 {8 46}}
DEBUG  : 2022/08/19 11:04:33 database.go:41: {22 2022-08-19 11:04:33.557497353 +0600 +06 {27 84}}
